[08/26/2022 09:31:24] Debug: Session id: c004da10-310f-4d9c-b6c5-f50f178a857f
[08/26/2022 09:31:24] Debug: Code Processor information: Name :SnowConvert, Version: 7.11.81.0
[08/26/2022 09:31:25] Debug: Getting license
[08/26/2022 09:31:25] Debug: License information
	Status: Failed
	Message: No active license available.
[08/26/2022 09:31:25] Info: Starting to validate parameters
[08/26/2022 09:31:25] Info: Parameters to validate: 
	Execution mode: Conversion
	LICENSE_KEY: a3372138-b87e-4a08-b929-3b48b24c63f1
[08/26/2022 09:31:25] Info: Validation of parameters: Success
[08/26/2022 09:31:25] Debug: Getting code descriptor
[08/26/2022 09:31:25] Debug: Code descriptor information
	Units: 51
	Units type: LOC
	All file bytes: 2141
	All found extensions: .sql,.dml,.ddl,.bteq,.btq,.fl,.fload,.ml,.mload,.mld,.tp,.tpump,.tpt
[08/26/2022 09:31:25] Debug: Calculating fingerprint
[08/26/2022 09:31:25] Debug: Fingerprint information Fingerprint(size=2141,projects=1)
[08/26/2022 09:31:25] Info: Starting to try to validate online license for execution
[08/26/2022 09:31:26] Debug: Getting license
[08/26/2022 09:31:26] Debug: License information
	Status: Failed
	Message: No active license available.
[08/26/2022 09:31:26] Debug: Starting the execution of the controller
[08/26/2022 09:31:27] Debug: Executing the worker: SnowConvert
[08/26/2022 09:31:47] Debug: Finished executing the worker: SnowConvert
[08/26/2022 09:31:49] Info: Controller execution ended
